<?xml version="1.0" encoding="UTF-8"?>
<!-- Generated by org.testng.reporters.JUnitXMLReporter -->
<testsuite ignored="1" hostname="Bhaskar" failures="0" tests="1" name="Default test" time="7.986" errors="0" timestamp="2025-04-06T17:33:23 IST">
  <testcase classname="Tests.HomePageTest" name="validateHomePageElements" time="4.6"/>
  <testcase classname="Tests.HomePageTest" name="validateAppLogo" time="0.0">
    <ignored/>
  </testcase> <!-- validateAppLogo -->
</testsuite> <!-- Default test -->
