<?xml version="1.0" encoding="UTF-8"?>
<testng-results ignored="0" total="1" passed="1" failed="0" skipped="0">
  <reporter-output>
  </reporter-output>
  <suite started-at="2025-04-06T18:36:00 IST" name="Default suite" finished-at="2025-04-06T18:36:03 IST" duration-ms="3146">
    <groups>
    </groups>
    <test started-at="2025-04-06T18:36:00 IST" name="Default test" finished-at="2025-04-06T18:36:03 IST" duration-ms="3146">
      <class name="Tests.LoginTest">
        <test-method is-config="true" signature="setup()[pri:0, instance:Tests.LoginTest@5f049ea1]" started-at="2025-04-06T18:36:00 IST" name="setup" finished-at="2025-04-06T18:36:02 IST" duration-ms="2364" status="PASS">
          <reporter-output>
          </reporter-output>
        </test-method> <!-- setup -->
        <test-method signature="validateInvalidLogin()[pri:0, instance:Tests.LoginTest@5f049ea1]" started-at="2025-04-06T18:36:02 IST" name="validateInvalidLogin" finished-at="2025-04-06T18:36:03 IST" duration-ms="459" status="PASS">
          <reporter-output>
          </reporter-output>
        </test-method> <!-- validateInvalidLogin -->
        <test-method is-config="true" signature="teardown()[pri:0, instance:Tests.LoginTest@5f049ea1]" started-at="2025-04-06T18:36:03 IST" name="teardown" finished-at="2025-04-06T18:36:03 IST" duration-ms="277" status="PASS">
          <reporter-output>
          </reporter-output>
        </test-method> <!-- teardown -->
      </class> <!-- Tests.LoginTest -->
    </test> <!-- Default test -->
  </suite> <!-- Default suite -->
</testng-results>
