<?xml version="1.0" encoding="UTF-8"?>
<testng-results ignored="0" total="1" passed="1" failed="0" skipped="0">
  <reporter-output>
  </reporter-output>
  <suite started-at="2025-04-06T17:33:15 IST" name="Default suite" finished-at="2025-04-06T17:33:23 IST" duration-ms="7986">
    <groups>
    </groups>
    <test started-at="2025-04-06T17:33:15 IST" name="Default test" finished-at="2025-04-06T17:33:23 IST" duration-ms="7986">
      <class name="Tests.HomePageTest">
        <test-method is-config="true" signature="setUP()[pri:0, instance:Tests.HomePageTest@2d901eb0]" started-at="2025-04-06T17:33:15 IST" name="setUP" finished-at="2025-04-06T17:33:18 IST" duration-ms="2842" status="PASS">
          <reporter-output>
          </reporter-output>
        </test-method> <!-- setUP -->
        <test-method signature="validateHomePageElements()[pri:0, instance:Tests.HomePageTest@2d901eb0]" started-at="2025-04-06T17:33:18 IST" name="validateHomePageElements" finished-at="2025-04-06T17:33:23 IST" duration-ms="4600" status="PASS">
          <reporter-output>
          </reporter-output>
        </test-method> <!-- validateHomePageElements -->
        <test-method is-config="true" signature="tearDown()[pri:0, instance:Tests.HomePageTest@2d901eb0]" started-at="2025-04-06T17:33:23 IST" name="tearDown" finished-at="2025-04-06T17:33:23 IST" duration-ms="469" status="PASS">
          <reporter-output>
          </reporter-output>
        </test-method> <!-- tearDown -->
      </class> <!-- Tests.HomePageTest -->
    </test> <!-- Default test -->
  </suite> <!-- Default suite -->
</testng-results>
